<?xml version="1.0" encoding="UTF-8"?>
<!-- Generated by org.testng.reporters.JUnitReportReporter -->
<testsuite skipped="0" hostname="DESKTOP-2F977B9" name="com.crm.Vtiger.framework.CreateContactTest" tests="1" failures="0" timestamp="2022-03-22T23:32:17 IST" time="0.065" errors="0">
  <testcase name="createCon" time="0.065" classname="com.crm.Vtiger.framework.CreateContactTest"/>
  <system-out/>
</testsuite> <!-- com.crm.Vtiger.framework.CreateContactTest -->
