<?xml version="1.0" encoding="UTF-8"?>
<!-- Generated by org.testng.reporters.JUnitReportReporter -->
<testsuite skipped="0" hostname="DESKTOP-2F977B9" name="com.crm.Vtiger.framework.LoginToVtigerByMavenPrametersTest" tests="1" failures="0" timestamp="2022-03-23T17:41:59 IST" time="42.761" errors="0">
  <testcase name="getData" time="42.761" classname="com.crm.Vtiger.framework.LoginToVtigerByMavenPrametersTest"/>
  <system-out/>
</testsuite> <!-- com.crm.Vtiger.framework.LoginToVtigerByMavenPrametersTest -->
