<?xml version="1.0" encoding="UTF-8"?>
<!-- Generated by org.testng.reporters.JUnitReportReporter -->
<testsuite skipped="0" hostname="DESKTOP-2F977B9" name="com.crm.Vtiger.framework.LoginToVtigerByMavenPrameters" tests="1" failures="0" timestamp="2022-03-23T13:15:18 IST" time="56.638" errors="0">
  <testcase name="getData" time="56.638" classname="com.crm.Vtiger.framework.LoginToVtigerByMavenPrameters"/>
  <system-out/>
</testsuite> <!-- com.crm.Vtiger.framework.LoginToVtigerByMavenPrameters -->
