<?xml version="1.0" encoding="UTF-8"?>
<!-- Generated by org.testng.reporters.JUnitReportReporter -->
<testsuite skipped="0" hostname="DESKTOP-2F977B9" name="com.crm.Vtiger.framework.CreateOrganizationTest" tests="2" failures="0" timestamp="2022-03-22T23:32:17 IST" time="0.006" errors="0">
  <testcase name="createOrg" time="0.003" classname="com.crm.Vtiger.framework.CreateOrganizationTest"/>
  <system-out/>
  <testcase name="createInvoice" time="0.003" classname="com.crm.Vtiger.framework.CreateOrganizationTest"/>
  <system-out/>
</testsuite> <!-- com.crm.Vtiger.framework.CreateOrganizationTest -->
