<?xml version="1.0" encoding="UTF-8"?>
<!-- Generated by org.testng.reporters.JUnitReportReporter -->
<testsuite skipped="0" hostname="DESKTOP-2F977B9" name="com.crm.Vtiger.framework.CreateProductTest" tests="1" failures="0" timestamp="2022-03-22T23:26:27 IST" time="0.004" errors="0">
  <testcase name="createPro" time="0.004" classname="com.crm.Vtiger.framework.CreateProductTest"/>
  <system-out/>
</testsuite> <!-- com.crm.Vtiger.framework.CreateProductTest -->
